<?xml version="1.0" encoding="UTF-8"?>
<testsuite xmlns:xsi="http://www.w3.org/2001/XMLSchema-instance" xsi:noNamespaceSchemaLocation="https://maven.apache.org/surefire/maven-surefire-plugin/xsd/surefire-test-report-3.0.xsd" version="3.0" name="example.project.TestMain" time="0.076" tests="1" errors="0" skipped="0" failures="0">
  <properties>
    <property name="java.specification.version" value="14"/>
    <property name="sun.cpu.isalist" value="amd64"/>
    <property name="sun.jnu.encoding" value="GBK"/>
    <property name="java.class.path" value="D:\PostGraduate\Semester2\softwareRe\Week6\project\ci-cd-basics-baconP397\target\test-classes;D:\PostGraduate\Semester2\softwareRe\Week6\project\ci-cd-basics-baconP397\target\classes;C:\Users\25488\.m2\repository\org\junit\jupiter\junit-jupiter-engine\5.9.1\junit-jupiter-engine-5.9.1.jar;C:\Users\25488\.m2\repository\org\junit\platform\junit-platform-engine\1.9.1\junit-platform-engine-1.9.1.jar;C:\Users\25488\.m2\repository\org\opentest4j\opentest4j\1.2.0\opentest4j-1.2.0.jar;C:\Users\25488\.m2\repository\org\junit\platform\junit-platform-commons\1.9.1\junit-platform-commons-1.9.1.jar;C:\Users\25488\.m2\repository\org\junit\jupiter\junit-jupiter-api\5.9.1\junit-jupiter-api-5.9.1.jar;C:\Users\25488\.m2\repository\org\apiguardian\apiguardian-api\1.1.2\apiguardian-api-1.1.2.jar;"/>
    <property name="java.vm.vendor" value="Oracle Corporation"/>
    <property name="sun.arch.data.model" value="64"/>
    <property name="user.variant" value=""/>
    <property name="java.vendor.url" value="https://java.oracle.com/"/>
    <property name="user.timezone" value="Europe/London"/>
    <property name="os.name" value="Windows 10"/>
    <property name="java.vm.specification.version" value="14"/>
    <property name="sun.java.launcher" value="SUN_STANDARD"/>
    <property name="user.country" value="CN"/>
    <property name="sun.boot.library.path" value="E:\JavaJDK\JDK14\bin"/>
    <property name="sun.java.command" value="C:\Users\25488\AppData\Local\Temp\surefire8363782706710353180\surefirebooter-20230315124712223_3.jar C:\Users\25488\AppData\Local\Temp\surefire8363782706710353180 2023-03-15T12-47-10_791-jvmRun1 surefire-20230315124712223_1tmp surefire_0-20230315124712223_2tmp"/>
    <property name="jdk.debug" value="release"/>
    <property name="surefire.test.class.path" value="D:\PostGraduate\Semester2\softwareRe\Week6\project\ci-cd-basics-baconP397\target\test-classes;D:\PostGraduate\Semester2\softwareRe\Week6\project\ci-cd-basics-baconP397\target\classes;C:\Users\25488\.m2\repository\org\junit\jupiter\junit-jupiter-engine\5.9.1\junit-jupiter-engine-5.9.1.jar;C:\Users\25488\.m2\repository\org\junit\platform\junit-platform-engine\1.9.1\junit-platform-engine-1.9.1.jar;C:\Users\25488\.m2\repository\org\opentest4j\opentest4j\1.2.0\opentest4j-1.2.0.jar;C:\Users\25488\.m2\repository\org\junit\platform\junit-platform-commons\1.9.1\junit-platform-commons-1.9.1.jar;C:\Users\25488\.m2\repository\org\junit\jupiter\junit-jupiter-api\5.9.1\junit-jupiter-api-5.9.1.jar;C:\Users\25488\.m2\repository\org\apiguardian\apiguardian-api\1.1.2\apiguardian-api-1.1.2.jar;"/>
    <property name="sun.cpu.endian" value="little"/>
    <property name="user.home" value="C:\Users\25488"/>
    <property name="user.language" value="zh"/>
    <property name="java.specification.vendor" value="Oracle Corporation"/>
    <property name="java.version.date" value="2020-07-14"/>
    <property name="java.home" value="E:\JavaJDK\JDK14"/>
    <property name="file.separator" value="\"/>
    <property name="basedir" value="D:\PostGraduate\Semester2\softwareRe\Week6\project\ci-cd-basics-baconP397"/>
    <property name="java.vm.compressedOopsMode" value="32-bit"/>
    <property name="line.separator" value="&#10;"/>
    <property name="java.vm.specification.vendor" value="Oracle Corporation"/>
    <property name="java.specification.name" value="Java Platform API Specification"/>
    <property name="surefire.real.class.path" value="C:\Users\25488\AppData\Local\Temp\surefire8363782706710353180\surefirebooter-20230315124712223_3.jar"/>
    <property name="user.script" value=""/>
    <property name="sun.management.compiler" value="HotSpot 64-Bit Tiered Compilers"/>
    <property name="java.runtime.version" value="14.0.2+12-46"/>
    <property name="user.name" value="25488"/>
    <property name="path.separator" value=";"/>
    <property name="os.version" value="10.0"/>
    <property name="java.runtime.name" value="Java(TM) SE Runtime Environment"/>
    <property name="file.encoding" value="GBK"/>
    <property name="java.vm.name" value="Java HotSpot(TM) 64-Bit Server VM"/>
    <property name="localRepository" value="C:\Users\25488\.m2\repository"/>
    <property name="java.vendor.url.bug" value="https://bugreport.java.com/bugreport/"/>
    <property name="java.io.tmpdir" value="C:\Users\25488\AppData\Local\Temp\"/>
    <property name="java.version" value="14.0.2"/>
    <property name="user.dir" value="D:\PostGraduate\Semester2\softwareRe\Week6\project\ci-cd-basics-baconP397"/>
    <property name="os.arch" value="amd64"/>
    <property name="java.vm.specification.name" value="Java Virtual Machine Specification"/>
    <property name="sun.os.patch.level" value=""/>
    <property name="java.library.path" value="E:\JavaJDK\JDK14\bin;C:\Windows\Sun\Java\bin;C:\Windows\system32;C:\Windows;C:\Users\25488\bin;E:\Git\Git\mingw64\bin;E:\Git\Git\usr\local\bin;E:\Git\Git\usr\bin;E:\Git\Git\usr\bin;E:\Git\Git\mingw64\bin;E:\Git\Git\usr\bin;C:\Users\25488\bin;C:\Windows\system32;C:\Windows;C:\Windows\System32\Wbem;C:\Windows\System32\WindowsPowerShell\v1.0;C:\Windows\System32\OpenSSH;E:\JavaJDK\JDK14\bin;E:\JavaJDK\JDK14\jre\bin;E:\Git\Git\cmd;E:\Nodejs\Nodejs;E:\Python\Python3.11.1\Scripts;E:\Python\Python3.11.1;C:\Users\25488\AppData\Local\Microsoft\WindowsApps;E:\Pycharm\PyCharm 2022.1.3\bin;C:\jogl232\lib;E:\JavaJDK\Jdk8u\jdk1.8.0\bin;E:\JavaJDK\JDK14\bin;E:\JavaJDK\JDK17\jdk-17.0.1\bin;E:\Graphviz\bin;E:\Maven\apache-maven-3.9.0\bin;C:\Users\25488\AppData\Roaming\npm;E:\Git\Git\usr\bin\vendor_perl;E:\Git\Git\usr\bin\core_perl;."/>
    <property name="java.vm.info" value="mixed mode, sharing"/>
    <property name="java.vendor" value="Oracle Corporation"/>
    <property name="java.vm.version" value="14.0.2+12-46"/>
    <property name="sun.io.unicode.encoding" value="UnicodeLittle"/>
    <property name="java.class.version" value="58.0"/>
  </properties>
  <testcase name="testHelloWorld" classname="example.project.TestMain" time="0.044"/>
</testsuite>